[2024-09-06 15:02:41] Текст ошибки: Произошла ошибка | Файл: C:\OSPanel\domains\new-ishop.loc\public\index.php | Строка: 13
===============
[2024-09-06 15:02:41] Текст ошибки: Произошла ошибка | Файл: C:\OSPanel\domains\new-ishop.loc\public\index.php | Строка: 13
===============
[2024-09-09 10:18:51] Текст ошибки: Произошла ошибка | Файл: C:\OSPanel\domains\new-ishop.loc\public\index.php | Строка: 13
===============
[2024-09-09 10:18:51] Текст ошибки: Произошла ошибка | Файл: C:\OSPanel\domains\new-ishop.loc\public\index.php | Строка: 13
===============
[2024-09-09 10:18:52] Текст ошибки: Произошла ошибка | Файл: C:\OSPanel\domains\new-ishop.loc\public\index.php | Строка: 13
===============
[2024-09-09 10:18:52] Текст ошибки: Произошла ошибка | Файл: C:\OSPanel\domains\new-ishop.loc\public\index.php | Строка: 13
===============
[2024-09-09 10:18:52] Текст ошибки: Произошла ошибка | Файл: C:\OSPanel\domains\new-ishop.loc\public\index.php | Строка: 13
===============
[2024-09-09 10:18:52] Текст ошибки: Произошла ошибка | Файл: C:\OSPanel\domains\new-ishop.loc\public\index.php | Строка: 13
===============
[2024-09-09 10:18:52] Текст ошибки: Произошла ошибка | Файл: C:\OSPanel\domains\new-ishop.loc\public\index.php | Строка: 13
===============
[2024-09-09 10:18:52] Текст ошибки: Произошла ошибка | Файл: C:\OSPanel\domains\new-ishop.loc\public\index.php | Строка: 13
===============
[2024-09-09 10:18:52] Текст ошибки: Произошла ошибка | Файл: C:\OSPanel\domains\new-ishop.loc\public\index.php | Строка: 13
===============
[2024-09-09 10:18:53] Текст ошибки: Произошла ошибка | Файл: C:\OSPanel\domains\new-ishop.loc\public\index.php | Строка: 13
===============
[2024-09-09 10:18:53] Текст ошибки: Произошла ошибка | Файл: C:\OSPanel\domains\new-ishop.loc\public\index.php | Строка: 13
===============
[2024-09-09 10:18:53] Текст ошибки: Произошла ошибка | Файл: C:\OSPanel\domains\new-ishop.loc\public\index.php | Строка: 13
===============
[2024-09-09 10:18:53] Текст ошибки: Произошла ошибка | Файл: C:\OSPanel\domains\new-ishop.loc\public\index.php | Строка: 13
===============
[2024-09-09 10:18:53] Текст ошибки: Произошла ошибка | Файл: C:\OSPanel\domains\new-ishop.loc\public\index.php | Строка: 13
===============
[2024-09-09 10:19:00] Текст ошибки: Произошла ошибка | Файл: C:\OSPanel\domains\new-ishop.loc\public\index.php | Строка: 13
===============
[2024-09-09 10:19:00] Текст ошибки: Произошла ошибка | Файл: C:\OSPanel\domains\new-ishop.loc\public\index.php | Строка: 13
===============
[2024-09-09 10:19:02] Текст ошибки: Произошла ошибка | Файл: C:\OSPanel\domains\new-ishop.loc\public\index.php | Строка: 13
===============
[2024-09-09 10:19:02] Текст ошибки: Произошла ошибка | Файл: C:\OSPanel\domains\new-ishop.loc\public\index.php | Строка: 13
===============
[2024-09-09 10:19:03] Текст ошибки: Произошла ошибка | Файл: C:\OSPanel\domains\new-ishop.loc\public\index.php | Строка: 13
===============
[2024-09-09 10:19:03] Текст ошибки: Произошла ошибка | Файл: C:\OSPanel\domains\new-ishop.loc\public\index.php | Строка: 13
===============
[2024-09-09 10:19:03] Текст ошибки: Произошла ошибка | Файл: C:\OSPanel\domains\new-ishop.loc\public\index.php | Строка: 13
===============
[2024-09-09 10:19:03] Текст ошибки: Произошла ошибка | Файл: C:\OSPanel\domains\new-ishop.loc\public\index.php | Строка: 13
===============
[2024-09-09 10:19:03] Текст ошибки: Произошла ошибка | Файл: C:\OSPanel\domains\new-ishop.loc\public\index.php | Строка: 13
===============
[2024-09-09 10:19:03] Текст ошибки: Произошла ошибка | Файл: C:\OSPanel\domains\new-ishop.loc\public\index.php | Строка: 13
===============
[2024-09-09 10:19:14] Текст ошибки: Произошла ошибка | Файл: C:\OSPanel\domains\new-ishop.loc\public\index.php | Строка: 13
===============
[2024-09-09 10:19:14] Текст ошибки: Произошла ошибка | Файл: C:\OSPanel\domains\new-ishop.loc\public\index.php | Строка: 13
===============
[2024-09-09 10:19:14] Текст ошибки: Произошла ошибка | Файл: C:\OSPanel\domains\new-ishop.loc\public\index.php | Строка: 13
===============
[2024-09-09 10:19:14] Текст ошибки: Произошла ошибка | Файл: C:\OSPanel\domains\new-ishop.loc\public\index.php | Строка: 13
===============
[2024-09-09 10:19:14] Текст ошибки: Произошла ошибка | Файл: C:\OSPanel\domains\new-ishop.loc\public\index.php | Строка: 13
===============
[2024-09-09 10:19:14] Текст ошибки: Произошла ошибка | Файл: C:\OSPanel\domains\new-ishop.loc\public\index.php | Строка: 13
===============
[2024-09-09 10:19:14] Текст ошибки: Произошла ошибка | Файл: C:\OSPanel\domains\new-ishop.loc\public\index.php | Строка: 13
===============
[2024-09-09 10:19:15] Текст ошибки: Произошла ошибка | Файл: C:\OSPanel\domains\new-ishop.loc\public\index.php | Строка: 13
===============
[2024-09-09 10:19:15] Текст ошибки: Произошла ошибка | Файл: C:\OSPanel\domains\new-ishop.loc\public\index.php | Строка: 13
===============
[2024-09-09 10:19:15] Текст ошибки: Произошла ошибка | Файл: C:\OSPanel\domains\new-ishop.loc\public\index.php | Строка: 13
===============
[2024-09-09 10:19:15] Текст ошибки: Произошла ошибка | Файл: C:\OSPanel\domains\new-ishop.loc\public\index.php | Строка: 13
===============
[2024-09-09 10:19:15] Текст ошибки: Произошла ошибка | Файл: C:\OSPanel\domains\new-ishop.loc\public\index.php | Строка: 13
===============
[2024-09-09 10:19:15] Текст ошибки: Произошла ошибка | Файл: C:\OSPanel\domains\new-ishop.loc\public\index.php | Строка: 13
===============
[2024-09-09 10:19:15] Текст ошибки: Произошла ошибка | Файл: C:\OSPanel\domains\new-ishop.loc\public\index.php | Строка: 13
===============
[2024-09-09 10:19:16] Текст ошибки: Произошла ошибка | Файл: C:\OSPanel\domains\new-ishop.loc\public\index.php | Строка: 13
===============
[2024-09-09 10:19:16] Текст ошибки: Произошла ошибка | Файл: C:\OSPanel\domains\new-ishop.loc\public\index.php | Строка: 13
===============
[2024-09-09 10:19:16] Текст ошибки: Произошла ошибка | Файл: C:\OSPanel\domains\new-ishop.loc\public\index.php | Строка: 13
===============
[2024-09-09 10:19:16] Текст ошибки: Произошла ошибка | Файл: C:\OSPanel\domains\new-ishop.loc\public\index.php | Строка: 13
===============
[2024-09-09 10:19:16] Текст ошибки: Произошла ошибка | Файл: C:\OSPanel\domains\new-ishop.loc\public\index.php | Строка: 13
===============
[2024-09-09 10:19:16] Текст ошибки: Произошла ошибка | Файл: C:\OSPanel\domains\new-ishop.loc\public\index.php | Строка: 13
===============
[2024-09-09 10:19:16] Текст ошибки: Произошла ошибка | Файл: C:\OSPanel\domains\new-ishop.loc\public\index.php | Строка: 13
===============
[2024-09-09 10:19:17] Текст ошибки: Произошла ошибка | Файл: C:\OSPanel\domains\new-ishop.loc\public\index.php | Строка: 13
===============
[2024-09-09 10:19:17] Текст ошибки: Произошла ошибка | Файл: C:\OSPanel\domains\new-ishop.loc\public\index.php | Строка: 13
===============
[2024-09-09 10:19:17] Текст ошибки: Произошла ошибка | Файл: C:\OSPanel\domains\new-ishop.loc\public\index.php | Строка: 13
===============
[2024-09-09 10:19:17] Текст ошибки: Произошла ошибка | Файл: C:\OSPanel\domains\new-ishop.loc\public\index.php | Строка: 13
===============
[2024-09-09 10:19:17] Текст ошибки: Произошла ошибка | Файл: C:\OSPanel\domains\new-ishop.loc\public\index.php | Строка: 13
===============
[2024-09-09 10:19:17] Текст ошибки: Произошла ошибка | Файл: C:\OSPanel\domains\new-ishop.loc\public\index.php | Строка: 13
===============
[2024-09-09 10:19:29] Текст ошибки: Произошла ошибка | Файл: C:\OSPanel\domains\new-ishop.loc\public\index.php | Строка: 13
===============
[2024-09-09 10:19:29] Текст ошибки: Произошла ошибка | Файл: C:\OSPanel\domains\new-ishop.loc\public\index.php | Строка: 13
===============
[2024-09-09 10:19:29] Текст ошибки: Произошла ошибка | Файл: C:\OSPanel\domains\new-ishop.loc\public\index.php | Строка: 13
===============
[2024-09-09 10:19:29] Текст ошибки: Произошла ошибка | Файл: C:\OSPanel\domains\new-ishop.loc\public\index.php | Строка: 13
===============
[2024-09-09 10:19:30] Текст ошибки: Произошла ошибка | Файл: C:\OSPanel\domains\new-ishop.loc\public\index.php | Строка: 13
===============
[2024-09-09 10:19:30] Текст ошибки: Произошла ошибка | Файл: C:\OSPanel\domains\new-ishop.loc\public\index.php | Строка: 13
===============
[2024-09-09 10:56:20] Текст ошибки: Undefined variable $query | Файл: C:\OSPanel\domains\new-ishop.loc\vendor\wfm\App.php | Строка: 15
===============
[2024-09-09 10:56:20] Текст ошибки: Undefined variable $query | Файл: C:\OSPanel\domains\new-ishop.loc\vendor\wfm\App.php | Строка: 15
===============
[2024-09-11 11:10:53] Текст ошибки: Undefined array key "controller" | Файл: C:\OSPanel\domains\new-ishop.loc\vendor\wfm\Router.php | Строка: 53
===============
[2024-09-11 11:11:07] Текст ошибки: Undefined array key "controller" | Файл: C:\OSPanel\domains\new-ishop.loc\vendor\wfm\Router.php | Строка: 53
===============
[2024-09-11 11:11:08] Текст ошибки: Undefined array key "controller" | Файл: C:\OSPanel\domains\new-ishop.loc\vendor\wfm\Router.php | Строка: 53
===============
[2024-09-11 11:11:08] Текст ошибки: Undefined array key "controller" | Файл: C:\OSPanel\domains\new-ishop.loc\vendor\wfm\Router.php | Строка: 53
===============
[2024-09-11 11:11:08] Текст ошибки: Undefined array key "controller" | Файл: C:\OSPanel\domains\new-ishop.loc\vendor\wfm\Router.php | Строка: 53
===============
[2024-09-11 11:11:08] Текст ошибки: Undefined array key "controller" | Файл: C:\OSPanel\domains\new-ishop.loc\vendor\wfm\Router.php | Строка: 53
===============
[2024-09-11 11:11:09] Текст ошибки: Undefined array key "controller" | Файл: C:\OSPanel\domains\new-ishop.loc\vendor\wfm\Router.php | Строка: 53
===============
[2024-09-11 11:11:09] Текст ошибки: Undefined array key "controller" | Файл: C:\OSPanel\domains\new-ishop.loc\vendor\wfm\Router.php | Строка: 53
===============
[2024-09-11 11:11:09] Текст ошибки: Undefined array key "controller" | Файл: C:\OSPanel\domains\new-ishop.loc\vendor\wfm\Router.php | Строка: 53
===============
[2024-09-11 11:11:09] Текст ошибки: Undefined array key "controller" | Файл: C:\OSPanel\domains\new-ishop.loc\vendor\wfm\Router.php | Строка: 53
===============
[2024-09-11 11:11:09] Текст ошибки: Undefined array key "controller" | Файл: C:\OSPanel\domains\new-ishop.loc\vendor\wfm\Router.php | Строка: 53
===============
[2024-09-11 11:11:09] Текст ошибки: Undefined array key "controller" | Файл: C:\OSPanel\domains\new-ishop.loc\vendor\wfm\Router.php | Строка: 53
===============
[2024-09-11 11:11:10] Текст ошибки: Undefined array key "controller" | Файл: C:\OSPanel\domains\new-ishop.loc\vendor\wfm\Router.php | Строка: 53
===============
[2024-09-11 11:11:10] Текст ошибки: Undefined array key "controller" | Файл: C:\OSPanel\domains\new-ishop.loc\vendor\wfm\Router.php | Строка: 53
===============
[2024-09-11 11:11:25] Текст ошибки: Undefined array key "controller" | Файл: C:\OSPanel\domains\new-ishop.loc\vendor\wfm\Router.php | Строка: 53
===============
[2024-09-11 11:11:26] Текст ошибки: Undefined array key "controller" | Файл: C:\OSPanel\domains\new-ishop.loc\vendor\wfm\Router.php | Строка: 53
===============
[2024-09-11 13:36:46] Текст ошибки: Страница не найдена | Файл: C:\OSPanel\domains\new-ishop.loc\vendor\wfm\Router.php | Строка: 34
===============
[2024-09-11 13:36:47] Текст ошибки: Страница не найдена | Файл: C:\OSPanel\domains\new-ishop.loc\vendor\wfm\Router.php | Строка: 34
===============
[2024-09-11 13:36:47] Текст ошибки: Страница не найдена | Файл: C:\OSPanel\domains\new-ishop.loc\vendor\wfm\Router.php | Строка: 34
===============
[2024-09-11 13:36:48] Текст ошибки: Страница не найдена | Файл: C:\OSPanel\domains\new-ishop.loc\vendor\wfm\Router.php | Строка: 34
===============
[2024-09-11 13:36:48] Текст ошибки: Страница не найдена | Файл: C:\OSPanel\domains\new-ishop.loc\vendor\wfm\Router.php | Строка: 34
===============
[2024-09-11 13:36:48] Текст ошибки: Страница не найдена | Файл: C:\OSPanel\domains\new-ishop.loc\vendor\wfm\Router.php | Строка: 34
===============
[2024-09-11 13:36:54] Текст ошибки: Страница не найдена | Файл: C:\OSPanel\domains\new-ishop.loc\vendor\wfm\Router.php | Строка: 34
===============
[2024-09-11 13:36:56] Текст ошибки: Страница не найдена | Файл: C:\OSPanel\domains\new-ishop.loc\vendor\wfm\Router.php | Строка: 34
===============
[2024-09-11 13:36:56] Текст ошибки: Страница не найдена | Файл: C:\OSPanel\domains\new-ishop.loc\vendor\wfm\Router.php | Строка: 34
===============
[2024-09-11 13:36:56] Текст ошибки: Страница не найдена | Файл: C:\OSPanel\domains\new-ishop.loc\vendor\wfm\Router.php | Строка: 34
===============
[2024-09-11 13:36:56] Текст ошибки: Страница не найдена | Файл: C:\OSPanel\domains\new-ishop.loc\vendor\wfm\Router.php | Строка: 34
===============
[2024-09-11 13:36:57] Текст ошибки: Страница не найдена | Файл: C:\OSPanel\domains\new-ishop.loc\vendor\wfm\Router.php | Строка: 34
===============
[2024-09-11 13:36:57] Текст ошибки: Страница не найдена | Файл: C:\OSPanel\domains\new-ishop.loc\vendor\wfm\Router.php | Строка: 34
===============
[2024-09-11 13:36:57] Текст ошибки: Страница не найдена | Файл: C:\OSPanel\domains\new-ishop.loc\vendor\wfm\Router.php | Строка: 34
===============
[2024-09-11 13:37:02] Текст ошибки: Страница не найдена | Файл: C:\OSPanel\domains\new-ishop.loc\vendor\wfm\Router.php | Строка: 34
===============
[2024-09-11 13:37:47] Текст ошибки: Страница не найдена | Файл: C:\OSPanel\domains\new-ishop.loc\vendor\wfm\Router.php | Строка: 34
===============
[2024-09-11 13:41:42] Текст ошибки: Array to string conversion | Файл: C:\OSPanel\domains\new-ishop.loc\vendor\wfm\Router.php | Строка: 31
===============
[2024-09-11 13:41:42] Текст ошибки: Страница не найдена | Файл: C:\OSPanel\domains\new-ishop.loc\vendor\wfm\Router.php | Строка: 34
===============
[2024-09-11 13:42:19] Текст ошибки: Array to string conversion | Файл: C:\OSPanel\domains\new-ishop.loc\vendor\wfm\Router.php | Строка: 31
===============
[2024-09-11 13:42:19] Текст ошибки: Страница не найдена | Файл: C:\OSPanel\domains\new-ishop.loc\vendor\wfm\Router.php | Строка: 34
===============
[2024-09-11 13:43:24] Текст ошибки: Страница не найдена | Файл: C:\OSPanel\domains\new-ishop.loc\vendor\wfm\Router.php | Строка: 34
===============
[2024-09-11 13:43:53] Текст ошибки: Страница не найдена | Файл: C:\OSPanel\domains\new-ishop.loc\vendor\wfm\Router.php | Строка: 34
===============
[2024-09-11 13:43:54] Текст ошибки: Страница не найдена | Файл: C:\OSPanel\domains\new-ishop.loc\vendor\wfm\Router.php | Строка: 34
===============
[2024-09-11 13:44:44] Текст ошибки: Страница не найдена | Файл: C:\OSPanel\domains\new-ishop.loc\vendor\wfm\Router.php | Строка: 34
===============
[2024-09-11 13:44:45] Текст ошибки: Страница не найдена | Файл: C:\OSPanel\domains\new-ishop.loc\vendor\wfm\Router.php | Строка: 34
===============
[2024-09-11 13:44:45] Текст ошибки: Страница не найдена | Файл: C:\OSPanel\domains\new-ishop.loc\vendor\wfm\Router.php | Строка: 34
===============
[2024-09-11 13:44:52] Текст ошибки: Страница не найдена | Файл: C:\OSPanel\domains\new-ishop.loc\vendor\wfm\Router.php | Строка: 34
===============
[2024-09-11 13:46:01] Текст ошибки: Страница не найдена | Файл: C:\OSPanel\domains\new-ishop.loc\vendor\wfm\Router.php | Строка: 34
===============
[2024-09-11 13:46:01] Текст ошибки: Страница не найдена | Файл: C:\OSPanel\domains\new-ishop.loc\vendor\wfm\Router.php | Строка: 34
===============
[2024-09-11 13:46:20] Текст ошибки: Страница не найдена | Файл: C:\OSPanel\domains\new-ishop.loc\vendor\wfm\Router.php | Строка: 34
===============
[2024-09-11 13:47:52] Текст ошибки: Страница не найдена | Файл: C:\OSPanel\domains\new-ishop.loc\vendor\wfm\Router.php | Строка: 34
===============
[2024-09-11 13:48:14] Текст ошибки: Страница не найдена | Файл: C:\OSPanel\domains\new-ishop.loc\vendor\wfm\Router.php | Строка: 34
===============
[2024-09-11 13:48:29] Текст ошибки: Страница не найдена | Файл: C:\OSPanel\domains\new-ishop.loc\vendor\wfm\Router.php | Строка: 34
===============
[2024-09-11 13:48:47] Текст ошибки: Страница не найдена | Файл: C:\OSPanel\domains\new-ishop.loc\vendor\wfm\Router.php | Строка: 34
===============
[2024-09-11 14:27:22] Текст ошибки: Контроллер не найден | Файл: C:\OSPanel\domains\new-ishop.loc\vendor\wfm\Router.php | Строка: 36
===============
[2024-09-11 14:27:23] Текст ошибки: Страница не найдена | Файл: C:\OSPanel\domains\new-ishop.loc\vendor\wfm\Router.php | Строка: 39
===============
[2024-09-11 15:52:45] Текст ошибки: Контроллер не найден | Файл: C:\OSPanel\domains\new-ishop.loc\vendor\wfm\Router.php | Строка: 36
===============
[2024-09-11 15:52:45] Текст ошибки: Страница не найдена | Файл: C:\OSPanel\domains\new-ishop.loc\vendor\wfm\Router.php | Строка: 39
===============
[2024-09-11 15:52:46] Текст ошибки: Контроллер не найден | Файл: C:\OSPanel\domains\new-ishop.loc\vendor\wfm\Router.php | Строка: 36
===============
[2024-09-11 15:52:46] Текст ошибки: Страница не найдена | Файл: C:\OSPanel\domains\new-ishop.loc\vendor\wfm\Router.php | Строка: 39
===============
[2024-09-11 15:52:46] Текст ошибки: Контроллер не найден | Файл: C:\OSPanel\domains\new-ishop.loc\vendor\wfm\Router.php | Строка: 36
===============
[2024-09-11 15:52:46] Текст ошибки: Страница не найдена | Файл: C:\OSPanel\domains\new-ishop.loc\vendor\wfm\Router.php | Строка: 39
===============
[2024-09-11 15:52:46] Текст ошибки: Контроллер не найден | Файл: C:\OSPanel\domains\new-ishop.loc\vendor\wfm\Router.php | Строка: 36
===============
[2024-09-11 15:52:46] Текст ошибки: Страница не найдена | Файл: C:\OSPanel\domains\new-ishop.loc\vendor\wfm\Router.php | Строка: 39
===============
[2024-09-11 15:52:47] Текст ошибки: Контроллер не найден | Файл: C:\OSPanel\domains\new-ishop.loc\vendor\wfm\Router.php | Строка: 36
===============
[2024-09-11 15:52:47] Текст ошибки: Страница не найдена | Файл: C:\OSPanel\domains\new-ishop.loc\vendor\wfm\Router.php | Строка: 39
===============
[2024-09-11 15:52:47] Текст ошибки: Контроллер не найден | Файл: C:\OSPanel\domains\new-ishop.loc\vendor\wfm\Router.php | Строка: 36
===============
[2024-09-11 15:52:47] Текст ошибки: Страница не найдена | Файл: C:\OSPanel\domains\new-ishop.loc\vendor\wfm\Router.php | Строка: 39
===============
[2024-09-11 15:52:47] Текст ошибки: Контроллер не найден | Файл: C:\OSPanel\domains\new-ishop.loc\vendor\wfm\Router.php | Строка: 36
===============
[2024-09-11 15:52:47] Текст ошибки: Страница не найдена | Файл: C:\OSPanel\domains\new-ishop.loc\vendor\wfm\Router.php | Строка: 39
===============
[2024-09-11 15:52:47] Текст ошибки: Контроллер не найден | Файл: C:\OSPanel\domains\new-ishop.loc\vendor\wfm\Router.php | Строка: 36
===============
[2024-09-11 15:52:47] Текст ошибки: Страница не найдена | Файл: C:\OSPanel\domains\new-ishop.loc\vendor\wfm\Router.php | Строка: 39
===============
[2024-09-11 15:52:47] Текст ошибки: Контроллер не найден | Файл: C:\OSPanel\domains\new-ishop.loc\vendor\wfm\Router.php | Строка: 36
===============
[2024-09-11 15:52:47] Текст ошибки: Страница не найдена | Файл: C:\OSPanel\domains\new-ishop.loc\vendor\wfm\Router.php | Строка: 39
===============
[2024-09-11 15:52:47] Текст ошибки: Контроллер не найден | Файл: C:\OSPanel\domains\new-ishop.loc\vendor\wfm\Router.php | Строка: 36
===============
[2024-09-11 15:52:47] Текст ошибки: Страница не найдена | Файл: C:\OSPanel\domains\new-ishop.loc\vendor\wfm\Router.php | Строка: 39
===============
[2024-09-11 15:52:48] Текст ошибки: Контроллер не найден | Файл: C:\OSPanel\domains\new-ishop.loc\vendor\wfm\Router.php | Строка: 36
===============
[2024-09-11 15:52:48] Текст ошибки: Страница не найдена | Файл: C:\OSPanel\domains\new-ishop.loc\vendor\wfm\Router.php | Строка: 39
===============
[2024-09-11 16:04:06] Текст ошибки: Контроллер не найден | Файл: C:\OSPanel\domains\new-ishop.loc\vendor\wfm\Router.php | Строка: 42
===============
[2024-09-11 16:04:06] Текст ошибки: Страница не найдена | Файл: C:\OSPanel\domains\new-ishop.loc\vendor\wfm\Router.php | Строка: 45
===============
[2024-09-11 16:04:07] Текст ошибки: Контроллер не найден | Файл: C:\OSPanel\domains\new-ishop.loc\vendor\wfm\Router.php | Строка: 42
===============
[2024-09-11 16:04:07] Текст ошибки: Контроллер не найден | Файл: C:\OSPanel\domains\new-ishop.loc\vendor\wfm\Router.php | Строка: 42
===============
[2024-09-11 16:04:07] Текст ошибки: Страница не найдена | Файл: C:\OSPanel\domains\new-ishop.loc\vendor\wfm\Router.php | Строка: 45
===============
[2024-09-11 16:05:18] Текст ошибки: Контроллер не найден | Файл: C:\OSPanel\domains\new-ishop.loc\vendor\wfm\Router.php | Строка: 42
===============
[2024-09-11 16:05:18] Текст ошибки: Страница не найдена | Файл: C:\OSPanel\domains\new-ishop.loc\vendor\wfm\Router.php | Строка: 45
===============
[2024-09-11 16:05:19] Текст ошибки: Контроллер не найден | Файл: C:\OSPanel\domains\new-ishop.loc\vendor\wfm\Router.php | Строка: 42
===============
[2024-09-11 16:05:19] Текст ошибки: Страница не найдена | Файл: C:\OSPanel\domains\new-ishop.loc\vendor\wfm\Router.php | Строка: 45
===============
[2024-09-11 16:05:19] Текст ошибки: Контроллер не найден | Файл: C:\OSPanel\domains\new-ishop.loc\vendor\wfm\Router.php | Строка: 42
===============
[2024-09-11 16:05:19] Текст ошибки: Страница не найдена | Файл: C:\OSPanel\domains\new-ishop.loc\vendor\wfm\Router.php | Строка: 45
===============
[2024-09-11 16:05:19] Текст ошибки: Контроллер не найден | Файл: C:\OSPanel\domains\new-ishop.loc\vendor\wfm\Router.php | Строка: 42
===============
[2024-09-11 16:05:19] Текст ошибки: Страница не найдена | Файл: C:\OSPanel\domains\new-ishop.loc\vendor\wfm\Router.php | Строка: 45
===============
[2024-09-11 16:05:20] Текст ошибки: Контроллер не найден | Файл: C:\OSPanel\domains\new-ishop.loc\vendor\wfm\Router.php | Строка: 42
===============
[2024-09-11 16:05:20] Текст ошибки: Страница не найдена | Файл: C:\OSPanel\domains\new-ishop.loc\vendor\wfm\Router.php | Строка: 45
===============
[2024-09-11 16:05:20] Текст ошибки: Контроллер не найден | Файл: C:\OSPanel\domains\new-ishop.loc\vendor\wfm\Router.php | Строка: 42
===============
[2024-09-11 16:05:20] Текст ошибки: Страница не найдена | Файл: C:\OSPanel\domains\new-ishop.loc\vendor\wfm\Router.php | Строка: 45
===============
[2024-09-11 16:05:20] Текст ошибки: Контроллер не найден | Файл: C:\OSPanel\domains\new-ishop.loc\vendor\wfm\Router.php | Строка: 42
===============
[2024-09-11 16:05:20] Текст ошибки: Страница не найдена | Файл: C:\OSPanel\domains\new-ishop.loc\vendor\wfm\Router.php | Строка: 45
===============
[2024-09-11 16:05:20] Текст ошибки: Контроллер не найден | Файл: C:\OSPanel\domains\new-ishop.loc\vendor\wfm\Router.php | Строка: 42
===============
[2024-09-11 16:05:21] Текст ошибки: Страница не найдена | Файл: C:\OSPanel\domains\new-ishop.loc\vendor\wfm\Router.php | Строка: 45
===============
[2024-09-11 16:05:21] Текст ошибки: Контроллер не найден | Файл: C:\OSPanel\domains\new-ishop.loc\vendor\wfm\Router.php | Строка: 42
===============
[2024-09-11 16:05:21] Текст ошибки: Страница не найдена | Файл: C:\OSPanel\domains\new-ishop.loc\vendor\wfm\Router.php | Строка: 45
===============
[2024-09-11 16:05:21] Текст ошибки: Контроллер не найден | Файл: C:\OSPanel\domains\new-ishop.loc\vendor\wfm\Router.php | Строка: 42
===============
[2024-09-11 16:05:21] Текст ошибки: Страница не найдена | Файл: C:\OSPanel\domains\new-ishop.loc\vendor\wfm\Router.php | Строка: 45
===============
[2024-09-11 16:05:21] Текст ошибки: Контроллер не найден | Файл: C:\OSPanel\domains\new-ishop.loc\vendor\wfm\Router.php | Строка: 42
===============
[2024-09-11 16:05:21] Текст ошибки: Страница не найдена | Файл: C:\OSPanel\domains\new-ishop.loc\vendor\wfm\Router.php | Строка: 45
===============
[2024-09-11 16:05:21] Текст ошибки: Контроллер не найден | Файл: C:\OSPanel\domains\new-ishop.loc\vendor\wfm\Router.php | Строка: 42
===============
[2024-09-11 16:05:21] Текст ошибки: Страница не найдена | Файл: C:\OSPanel\domains\new-ishop.loc\vendor\wfm\Router.php | Строка: 45
===============
[2024-09-11 16:05:22] Текст ошибки: Контроллер не найден | Файл: C:\OSPanel\domains\new-ishop.loc\vendor\wfm\Router.php | Строка: 42
===============
[2024-09-11 16:05:22] Текст ошибки: Страница не найдена | Файл: C:\OSPanel\domains\new-ishop.loc\vendor\wfm\Router.php | Строка: 45
===============
[2024-09-11 16:07:28] Текст ошибки: Undefined array key "actionAction" | Файл: C:\OSPanel\domains\new-ishop.loc\vendor\wfm\Router.php | Строка: 35
===============
[2024-09-11 16:07:29] Текст ошибки: Страница не найдена | Файл: C:\OSPanel\domains\new-ishop.loc\vendor\wfm\Router.php | Строка: 45
===============
[2024-09-11 16:08:00] Текст ошибки: Метод (action) не найден | Файл: C:\OSPanel\domains\new-ishop.loc\vendor\wfm\Router.php | Строка: 39
===============
[2024-09-11 16:08:00] Текст ошибки: Страница не найдена | Файл: C:\OSPanel\domains\new-ishop.loc\vendor\wfm\Router.php | Строка: 45
===============
[2024-09-11 16:08:45] Текст ошибки: Страница не найдена | Файл: C:\OSPanel\domains\new-ishop.loc\vendor\wfm\Router.php | Строка: 45
===============
[2024-09-11 16:09:25] Текст ошибки: Страница не найдена | Файл: C:\OSPanel\domains\new-ishop.loc\vendor\wfm\Router.php | Строка: 45
===============
[2024-09-11 16:09:27] Текст ошибки: Страница не найдена | Файл: C:\OSPanel\domains\new-ishop.loc\vendor\wfm\Router.php | Строка: 45
===============
[2024-09-11 16:09:27] Текст ошибки: Страница не найдена | Файл: C:\OSPanel\domains\new-ishop.loc\vendor\wfm\Router.php | Строка: 45
===============
[2024-09-11 16:09:27] Текст ошибки: Страница не найдена | Файл: C:\OSPanel\domains\new-ishop.loc\vendor\wfm\Router.php | Строка: 45
===============
[2024-09-11 16:11:29] Текст ошибки: Страница не найдена | Файл: C:\OSPanel\domains\new-ishop.loc\vendor\wfm\Router.php | Строка: 45
===============
[2024-09-11 16:11:30] Текст ошибки: Страница не найдена | Файл: C:\OSPanel\domains\new-ishop.loc\vendor\wfm\Router.php | Строка: 45
===============
[2024-09-11 16:11:32] Текст ошибки: Контроллер app\controllers\ProductController не найден | Файл: C:\OSPanel\domains\new-ishop.loc\vendor\wfm\Router.php | Строка: 42
===============
[2024-09-11 16:11:34] Текст ошибки: Контроллер app\controllers\PageController не найден | Файл: C:\OSPanel\domains\new-ishop.loc\vendor\wfm\Router.php | Строка: 42
===============
[2024-09-11 16:11:34] Текст ошибки: Страница не найдена | Файл: C:\OSPanel\domains\new-ishop.loc\vendor\wfm\Router.php | Строка: 45
===============
[2024-09-11 16:12:46] Текст ошибки: Методviewне найден | Файл: C:\OSPanel\domains\new-ishop.loc\vendor\wfm\Router.php | Строка: 39
===============
[2024-09-11 16:12:46] Текст ошибки: Страница не найдена | Файл: C:\OSPanel\domains\new-ishop.loc\vendor\wfm\Router.php | Строка: 45
===============
[2024-09-11 16:13:00] Текст ошибки: Метод view не найден | Файл: C:\OSPanel\domains\new-ishop.loc\vendor\wfm\Router.php | Строка: 39
===============
[2024-09-11 16:13:00] Текст ошибки: Страница не найдена | Файл: C:\OSPanel\domains\new-ishop.loc\vendor\wfm\Router.php | Строка: 45
===============
[2024-09-11 16:13:04] Текст ошибки: Метод vieasd не найден | Файл: C:\OSPanel\domains\new-ishop.loc\vendor\wfm\Router.php | Строка: 39
===============
[2024-09-11 16:13:04] Текст ошибки: Страница не найдена | Файл: C:\OSPanel\domains\new-ishop.loc\vendor\wfm\Router.php | Строка: 45
===============
[2024-09-11 16:13:12] Текст ошибки: Метод view не найден | Файл: C:\OSPanel\domains\new-ishop.loc\vendor\wfm\Router.php | Строка: 39
===============
[2024-09-11 16:13:12] Текст ошибки: Страница не найдена | Файл: C:\OSPanel\domains\new-ishop.loc\vendor\wfm\Router.php | Строка: 45
===============
[2024-09-11 16:14:11] Текст ошибки: Метод viewAction не найден | Файл: C:\OSPanel\domains\new-ishop.loc\vendor\wfm\Router.php | Строка: 39
===============
[2024-09-11 16:14:11] Текст ошибки: Страница не найдена | Файл: C:\OSPanel\domains\new-ishop.loc\vendor\wfm\Router.php | Строка: 45
===============
[2024-09-11 16:19:23] Текст ошибки: Метод viewAction не найден | Файл: C:\OSPanel\domains\new-ishop.loc\vendor\wfm\Router.php | Строка: 39
===============
[2024-09-11 16:19:23] Текст ошибки: Страница не найдена | Файл: C:\OSPanel\domains\new-ishop.loc\vendor\wfm\Router.php | Строка: 46
===============
[2024-09-11 16:19:57] Текст ошибки: Страница не найдена | Файл: C:\OSPanel\domains\new-ishop.loc\vendor\wfm\Router.php | Строка: 46
===============
[2024-09-11 16:20:58] Текст ошибки: Undefined array key "admin_prefix" | Файл: C:\OSPanel\domains\new-ishop.loc\vendor\wfm\Router.php | Строка: 64
===============
[2024-09-11 16:20:58] Текст ошибки: Страница не найдена | Файл: C:\OSPanel\domains\new-ishop.loc\vendor\wfm\Router.php | Строка: 46
===============
[2024-09-11 16:21:35] Текст ошибки: Страница не найдена | Файл: C:\OSPanel\domains\new-ishop.loc\vendor\wfm\Router.php | Строка: 46
===============
[2024-09-11 16:21:36] Текст ошибки: Страница не найдена | Файл: C:\OSPanel\domains\new-ishop.loc\vendor\wfm\Router.php | Строка: 46
===============
[2024-09-11 16:21:36] Текст ошибки: Страница не найдена | Файл: C:\OSPanel\domains\new-ishop.loc\vendor\wfm\Router.php | Строка: 46
===============
[2024-09-11 16:21:36] Текст ошибки: Страница не найдена | Файл: C:\OSPanel\domains\new-ishop.loc\vendor\wfm\Router.php | Строка: 46
===============
[2024-09-11 16:21:37] Текст ошибки: Страница не найдена | Файл: C:\OSPanel\domains\new-ishop.loc\vendor\wfm\Router.php | Строка: 46
===============
[2024-09-11 16:21:37] Текст ошибки: Страница не найдена | Файл: C:\OSPanel\domains\new-ishop.loc\vendor\wfm\Router.php | Строка: 46
===============
[2024-09-11 16:22:24] Текст ошибки: Контроллер app\controllers\admin/MainController не найден | Файл: C:\OSPanel\domains\new-ishop.loc\vendor\wfm\Router.php | Строка: 42
===============
[2024-09-11 16:22:25] Текст ошибки: Контроллер app\controllers\admin/MainController не найден | Файл: C:\OSPanel\domains\new-ishop.loc\vendor\wfm\Router.php | Строка: 42
===============
[2024-09-11 16:22:25] Текст ошибки: Страница не найдена | Файл: C:\OSPanel\domains\new-ishop.loc\vendor\wfm\Router.php | Строка: 46
===============
[2024-09-11 16:55:40] Текст ошибки: Страница не найдена | Файл: C:\OSPanel\domains\new-ishop.loc\vendor\wfm\Router.php | Строка: 46
===============
[2024-09-11 16:55:41] Текст ошибки: Страница не найдена | Файл: C:\OSPanel\domains\new-ishop.loc\vendor\wfm\Router.php | Строка: 46
===============
[2024-09-11 16:55:41] Текст ошибки: Страница не найдена | Файл: C:\OSPanel\domains\new-ishop.loc\vendor\wfm\Router.php | Строка: 46
===============
[2024-09-11 16:56:05] Текст ошибки: Страница не найдена | Файл: C:\OSPanel\domains\new-ishop.loc\vendor\wfm\Router.php | Строка: 46
===============
[2024-09-11 16:56:07] Текст ошибки: Контроллер app\controllers\admin/MainController не найден | Файл: C:\OSPanel\domains\new-ishop.loc\vendor\wfm\Router.php | Строка: 42
===============
[2024-09-11 16:56:08] Текст ошибки: Контроллер app\controllers\admin/MainController не найден | Файл: C:\OSPanel\domains\new-ishop.loc\vendor\wfm\Router.php | Строка: 42
===============
[2024-09-11 16:56:08] Текст ошибки: Страница не найдена | Файл: C:\OSPanel\domains\new-ishop.loc\vendor\wfm\Router.php | Строка: 46
===============
[2024-09-11 16:58:32] Текст ошибки: Контроллер app\controllers\admin/MainController не найден | Файл: C:\OSPanel\domains\new-ishop.loc\vendor\wfm\Router.php | Строка: 42
===============
[2024-09-11 16:58:32] Текст ошибки: Страница не найдена | Файл: C:\OSPanel\domains\new-ishop.loc\vendor\wfm\Router.php | Строка: 46
===============
[2024-09-11 16:58:33] Текст ошибки: Контроллер app\controllers\admin/MainController не найден | Файл: C:\OSPanel\domains\new-ishop.loc\vendor\wfm\Router.php | Строка: 42
===============
[2024-09-11 16:58:33] Текст ошибки: Страница не найдена | Файл: C:\OSPanel\domains\new-ishop.loc\vendor\wfm\Router.php | Строка: 46
===============
[2024-09-11 16:58:33] Текст ошибки: Контроллер app\controllers\admin/MainController не найден | Файл: C:\OSPanel\domains\new-ishop.loc\vendor\wfm\Router.php | Строка: 42
===============
[2024-09-11 16:58:33] Текст ошибки: Страница не найдена | Файл: C:\OSPanel\domains\new-ishop.loc\vendor\wfm\Router.php | Строка: 46
===============
[2024-09-11 16:58:34] Текст ошибки: Контроллер app\controllers\admin/MainController не найден | Файл: C:\OSPanel\domains\new-ishop.loc\vendor\wfm\Router.php | Строка: 42
===============
[2024-09-11 16:58:34] Текст ошибки: Страница не найдена | Файл: C:\OSPanel\domains\new-ishop.loc\vendor\wfm\Router.php | Строка: 46
===============
[2024-09-11 16:59:09] Текст ошибки: Контроллер app\controllers\admin/MainController не найден | Файл: C:\OSPanel\domains\new-ishop.loc\vendor\wfm\Router.php | Строка: 42
===============
[2024-09-11 16:59:09] Текст ошибки: Страница не найдена | Файл: C:\OSPanel\domains\new-ishop.loc\vendor\wfm\Router.php | Строка: 46
===============
[2024-09-11 16:59:50] Текст ошибки: Контроллер app\controllers\admin/MainController не найден | Файл: C:\OSPanel\domains\new-ishop.loc\vendor\wfm\Router.php | Строка: 43
===============
[2024-09-11 16:59:50] Текст ошибки: Страница не найдена | Файл: C:\OSPanel\domains\new-ishop.loc\vendor\wfm\Router.php | Строка: 47
===============
[2024-09-11 17:00:47] Текст ошибки: Контроллер app\controllers\admin/MainController не найден | Файл: C:\OSPanel\domains\new-ishop.loc\vendor\wfm\Router.php | Строка: 43
===============
[2024-09-11 17:00:47] Текст ошибки: Страница не найдена | Файл: C:\OSPanel\domains\new-ishop.loc\vendor\wfm\Router.php | Строка: 47
===============
[2024-09-11 17:00:48] Текст ошибки: Контроллер app\controllers\admin/MainController не найден | Файл: C:\OSPanel\domains\new-ishop.loc\vendor\wfm\Router.php | Строка: 43
===============
[2024-09-11 17:00:48] Текст ошибки: Страница не найдена | Файл: C:\OSPanel\domains\new-ishop.loc\vendor\wfm\Router.php | Строка: 47
===============
[2024-09-11 17:00:48] Текст ошибки: Контроллер app\controllers\admin/MainController не найден | Файл: C:\OSPanel\domains\new-ishop.loc\vendor\wfm\Router.php | Строка: 43
===============
[2024-09-11 17:00:48] Текст ошибки: Страница не найдена | Файл: C:\OSPanel\domains\new-ishop.loc\vendor\wfm\Router.php | Строка: 47
===============
[2024-09-11 17:00:48] Текст ошибки: Контроллер app\controllers\admin/MainController не найден | Файл: C:\OSPanel\domains\new-ishop.loc\vendor\wfm\Router.php | Строка: 43
===============
[2024-09-11 17:00:48] Текст ошибки: Страница не найдена | Файл: C:\OSPanel\domains\new-ishop.loc\vendor\wfm\Router.php | Строка: 47
===============
[2024-09-11 17:00:48] Текст ошибки: Контроллер app\controllers\admin/MainController не найден | Файл: C:\OSPanel\domains\new-ishop.loc\vendor\wfm\Router.php | Строка: 43
===============
[2024-09-11 17:00:48] Текст ошибки: Страница не найдена | Файл: C:\OSPanel\domains\new-ishop.loc\vendor\wfm\Router.php | Строка: 47
===============
[2024-09-11 17:00:48] Текст ошибки: Контроллер app\controllers\admin/MainController не найден | Файл: C:\OSPanel\domains\new-ishop.loc\vendor\wfm\Router.php | Строка: 43
===============
[2024-09-11 17:00:48] Текст ошибки: Страница не найдена | Файл: C:\OSPanel\domains\new-ishop.loc\vendor\wfm\Router.php | Строка: 47
===============
[2024-09-11 17:01:10] Текст ошибки: Страница не найдена | Файл: C:\OSPanel\domains\new-ishop.loc\vendor\wfm\Router.php | Строка: 47
===============
[2024-09-11 17:01:23] Текст ошибки: Страница не найдена | Файл: C:\OSPanel\domains\new-ishop.loc\vendor\wfm\Router.php | Строка: 47
===============
[2024-09-11 17:01:26] Текст ошибки: Страница не найдена | Файл: C:\OSPanel\domains\new-ishop.loc\vendor\wfm\Router.php | Строка: 47
===============
[2024-09-11 17:01:27] Текст ошибки: Контроллер app\controllers\admin/MainController не найден | Файл: C:\OSPanel\domains\new-ishop.loc\vendor\wfm\Router.php | Строка: 43
===============
[2024-09-11 17:01:27] Текст ошибки: Страница не найдена | Файл: C:\OSPanel\domains\new-ishop.loc\vendor\wfm\Router.php | Строка: 47
===============
[2024-09-11 17:01:27] Текст ошибки: Контроллер app\controllers\admin/MainController не найден | Файл: C:\OSPanel\domains\new-ishop.loc\vendor\wfm\Router.php | Строка: 43
===============
[2024-09-11 17:01:27] Текст ошибки: Страница не найдена | Файл: C:\OSPanel\domains\new-ishop.loc\vendor\wfm\Router.php | Строка: 47
===============
[2024-09-11 17:01:27] Текст ошибки: Контроллер app\controllers\admin/MainController не найден | Файл: C:\OSPanel\domains\new-ishop.loc\vendor\wfm\Router.php | Строка: 43
===============
[2024-09-11 17:01:27] Текст ошибки: Страница не найдена | Файл: C:\OSPanel\domains\new-ishop.loc\vendor\wfm\Router.php | Строка: 47
===============
[2024-09-11 17:01:27] Текст ошибки: Контроллер app\controllers\admin/MainController не найден | Файл: C:\OSPanel\domains\new-ishop.loc\vendor\wfm\Router.php | Строка: 43
===============
[2024-09-11 17:01:28] Текст ошибки: Страница не найдена | Файл: C:\OSPanel\domains\new-ishop.loc\vendor\wfm\Router.php | Строка: 47
===============
[2024-09-11 17:01:28] Текст ошибки: Контроллер app\controllers\admin/MainController не найден | Файл: C:\OSPanel\domains\new-ishop.loc\vendor\wfm\Router.php | Строка: 43
===============
[2024-09-11 17:01:28] Текст ошибки: Страница не найдена | Файл: C:\OSPanel\domains\new-ishop.loc\vendor\wfm\Router.php | Строка: 47
===============
[2024-09-11 17:01:28] Текст ошибки: Контроллер app\controllers\admin/MainController не найден | Файл: C:\OSPanel\domains\new-ishop.loc\vendor\wfm\Router.php | Строка: 43
===============
[2024-09-11 17:01:28] Текст ошибки: Страница не найдена | Файл: C:\OSPanel\domains\new-ishop.loc\vendor\wfm\Router.php | Строка: 47
===============
[2024-09-11 17:01:48] Текст ошибки: Метод indexAction не найден | Файл: C:\OSPanel\domains\new-ishop.loc\vendor\wfm\Router.php | Строка: 40
===============
[2024-09-11 17:01:48] Текст ошибки: Страница не найдена | Файл: C:\OSPanel\domains\new-ishop.loc\vendor\wfm\Router.php | Строка: 47
===============
[2024-09-11 17:02:26] Текст ошибки: Страница не найдена | Файл: C:\OSPanel\domains\new-ishop.loc\vendor\wfm\Router.php | Строка: 47
===============
[2024-09-12 13:34:36] Текст ошибки: Страница не найдена | Файл: C:\OSPanel\domains\new-ishop.loc\vendor\wfm\Router.php | Строка: 47
===============
[2024-09-12 13:36:04] Текст ошибки: Контроллер app\controllers\ProductController не найден | Файл: C:\OSPanel\domains\new-ishop.loc\vendor\wfm\Router.php | Строка: 43
===============
[2024-09-12 13:36:05] Текст ошибки: Контроллер app\controllers\ProductController не найден | Файл: C:\OSPanel\domains\new-ishop.loc\vendor\wfm\Router.php | Строка: 43
===============
[2024-09-12 13:36:05] Текст ошибки: Страница не найдена | Файл: C:\OSPanel\domains\new-ishop.loc\vendor\wfm\Router.php | Строка: 46
===============
[2024-09-12 13:36:12] Текст ошибки: Страница не найдена | Файл: C:\OSPanel\domains\new-ishop.loc\vendor\wfm\Router.php | Строка: 46
===============
[2024-09-12 13:45:18] Текст ошибки: Страница не найдена | Файл: C:\OSPanel\domains\new-ishop.loc\vendor\wfm\Router.php | Строка: 46
===============
[2024-09-12 13:45:43] Текст ошибки: Страница не найдена | Файл: C:\OSPanel\domains\new-ishop.loc\vendor\wfm\Router.php | Строка: 46
===============
[2024-09-12 13:45:44] Текст ошибки: Страница не найдена | Файл: C:\OSPanel\domains\new-ishop.loc\vendor\wfm\Router.php | Строка: 46
===============
[2024-09-12 13:45:44] Текст ошибки: Страница не найдена | Файл: C:\OSPanel\domains\new-ishop.loc\vendor\wfm\Router.php | Строка: 46
===============
[2024-09-12 13:45:44] Текст ошибки: Страница не найдена | Файл: C:\OSPanel\domains\new-ishop.loc\vendor\wfm\Router.php | Строка: 46
===============
[2024-09-12 13:45:56] Текст ошибки: Страница не найдена | Файл: C:\OSPanel\domains\new-ishop.loc\vendor\wfm\Router.php | Строка: 46
===============
[2024-09-12 13:45:56] Текст ошибки: Страница не найдена | Файл: C:\OSPanel\domains\new-ishop.loc\vendor\wfm\Router.php | Строка: 46
===============
[2024-09-12 13:45:57] Текст ошибки: Страница не найдена | Файл: C:\OSPanel\domains\new-ishop.loc\vendor\wfm\Router.php | Строка: 46
===============
[2024-09-12 13:45:57] Текст ошибки: Страница не найдена | Файл: C:\OSPanel\domains\new-ishop.loc\vendor\wfm\Router.php | Строка: 46
===============
[2024-09-12 13:46:19] Текст ошибки: Страница не найдена | Файл: C:\OSPanel\domains\new-ishop.loc\vendor\wfm\Router.php | Строка: 46
===============
[2024-09-12 13:46:19] Текст ошибки: Страница не найдена | Файл: C:\OSPanel\domains\new-ishop.loc\vendor\wfm\Router.php | Строка: 46
===============
[2024-09-12 13:46:20] Текст ошибки: Страница не найдена | Файл: C:\OSPanel\domains\new-ishop.loc\vendor\wfm\Router.php | Строка: 46
===============
[2024-09-12 13:46:20] Текст ошибки: Страница не найдена | Файл: C:\OSPanel\domains\new-ishop.loc\vendor\wfm\Router.php | Строка: 46
===============
[2024-09-12 13:47:23] Текст ошибки: preg_match(): No ending delimiter '^' found | Файл: C:\OSPanel\domains\new-ishop.loc\public\index.php | Строка: 20
===============
[2024-09-12 13:47:23] Текст ошибки: Страница не найдена | Файл: C:\OSPanel\domains\new-ishop.loc\vendor\wfm\Router.php | Строка: 46
===============
[2024-09-12 13:48:19] Текст ошибки: Страница не найдена | Файл: C:\OSPanel\domains\new-ishop.loc\vendor\wfm\Router.php | Строка: 46
===============
[2024-09-12 13:52:31] Текст ошибки: Контроллер app\controllers\ProductController не найден | Файл: C:\OSPanel\domains\new-ishop.loc\vendor\wfm\Router.php | Строка: 43
===============
[2024-09-12 13:52:33] Текст ошибки: Страница не найдена | Файл: C:\OSPanel\domains\new-ishop.loc\vendor\wfm\Router.php | Строка: 46
===============
[2024-09-12 13:52:35] Текст ошибки: Контроллер app\controllers\ProductController не найден | Файл: C:\OSPanel\domains\new-ishop.loc\vendor\wfm\Router.php | Строка: 43
===============
[2024-09-12 13:52:35] Текст ошибки: Страница не найдена | Файл: C:\OSPanel\domains\new-ishop.loc\vendor\wfm\Router.php | Строка: 46
===============
[2024-09-12 13:52:39] Текст ошибки: Контроллер app\controllers\ProductController не найден | Файл: C:\OSPanel\domains\new-ishop.loc\vendor\wfm\Router.php | Строка: 43
===============
[2024-09-12 13:52:45] Текст ошибки: Страница не найдена | Файл: C:\OSPanel\domains\new-ishop.loc\vendor\wfm\Router.php | Строка: 46
===============
[2024-09-12 13:53:09] Текст ошибки: Страница не найдена | Файл: C:\OSPanel\domains\new-ishop.loc\vendor\wfm\Router.php | Строка: 46
===============
[2024-09-12 13:53:11] Текст ошибки: Страница не найдена | Файл: C:\OSPanel\domains\new-ishop.loc\vendor\wfm\Router.php | Строка: 46
===============
[2024-09-12 13:53:12] Текст ошибки: Страница не найдена | Файл: C:\OSPanel\domains\new-ishop.loc\vendor\wfm\Router.php | Строка: 46
===============
[2024-09-12 14:05:39] Текст ошибки: Страница не найдена | Файл: C:\OSPanel\domains\new-ishop.loc\vendor\wfm\Router.php | Строка: 46
===============
[2024-09-12 14:10:35] Текст ошибки: Страница не найдена | Файл: C:\OSPanel\domains\new-ishop.loc\vendor\wfm\Router.php | Строка: 47
===============
[2024-09-12 14:10:47] Текст ошибки: Страница не найдена | Файл: C:\OSPanel\domains\new-ishop.loc\vendor\wfm\Router.php | Строка: 47
===============
[2024-09-12 14:10:47] Текст ошибки: Страница не найдена | Файл: C:\OSPanel\domains\new-ishop.loc\vendor\wfm\Router.php | Строка: 47
===============
[2024-09-12 14:14:23] Текст ошибки: Страница не найдена | Файл: C:\OSPanel\domains\new-ishop.loc\vendor\wfm\Router.php | Строка: 56
===============
[2024-09-12 14:14:23] Текст ошибки: Страница не найдена | Файл: C:\OSPanel\domains\new-ishop.loc\vendor\wfm\Router.php | Строка: 56
===============
[2024-09-12 14:15:05] Текст ошибки: Страница не найдена | Файл: C:\OSPanel\domains\new-ishop.loc\vendor\wfm\Router.php | Строка: 56
===============
[2024-09-12 14:15:08] Текст ошибки: Страница не найдена | Файл: C:\OSPanel\domains\new-ishop.loc\vendor\wfm\Router.php | Строка: 56
===============
[2024-09-12 14:15:09] Текст ошибки: Страница не найдена | Файл: C:\OSPanel\domains\new-ishop.loc\vendor\wfm\Router.php | Строка: 56
===============
[2024-09-12 14:15:09] Текст ошибки: Страница не найдена | Файл: C:\OSPanel\domains\new-ishop.loc\vendor\wfm\Router.php | Строка: 56
===============
[2024-09-12 14:15:09] Текст ошибки: Страница не найдена | Файл: C:\OSPanel\domains\new-ishop.loc\vendor\wfm\Router.php | Строка: 56
===============
[2024-09-12 14:15:09] Текст ошибки: Страница не найдена | Файл: C:\OSPanel\domains\new-ishop.loc\vendor\wfm\Router.php | Строка: 56
===============
[2024-09-12 14:15:09] Текст ошибки: Страница не найдена | Файл: C:\OSPanel\domains\new-ishop.loc\vendor\wfm\Router.php | Строка: 56
===============
[2024-09-12 14:15:09] Текст ошибки: Страница не найдена | Файл: C:\OSPanel\domains\new-ishop.loc\vendor\wfm\Router.php | Строка: 56
===============
[2024-09-12 14:15:37] Текст ошибки: Страница не найдена | Файл: C:\OSPanel\domains\new-ishop.loc\vendor\wfm\Router.php | Строка: 56
===============
[2024-09-12 14:15:37] Текст ошибки: Страница не найдена | Файл: C:\OSPanel\domains\new-ishop.loc\vendor\wfm\Router.php | Строка: 56
===============
[2024-09-12 14:16:32] Текст ошибки: Страница не найдена | Файл: C:\OSPanel\domains\new-ishop.loc\vendor\wfm\Router.php | Строка: 56
===============
[2024-09-12 14:16:32] Текст ошибки: Страница не найдена | Файл: C:\OSPanel\domains\new-ishop.loc\vendor\wfm\Router.php | Строка: 56
===============
[2024-09-12 14:16:56] Текст ошибки: Страница не найдена | Файл: C:\OSPanel\domains\new-ishop.loc\vendor\wfm\Router.php | Строка: 56
===============
